ready

7084 dock->ipod
size:3 mode:4 command:0x0,0x1C params: csum:DD [OK]
get time/status
send header,C,4,0,1D,0,5,B7,C6,0,0,1B,AC,2,88,


7098 dock->ipod
size:4 mode:4 command:0x0,0x29 params:1, csum:CE [OK]
playback control cmd play/pause
send header,6,4,0,1,0,0,29,CC,


7109 dock->ipod
size:3 mode:4 command:0x0,0x1C params: csum:DD [OK]
get time/status
send header,C,4,0,1D,0,5,B7,C6,0,0,1B,C5,1,70,


7123 dock->ipod
size:3 mode:4 command:0x0,0x1E params: csum:DB [OK]
get plist pos
send header,7,4,0,1F,0,0,0,32,A4,


7137 dock->ipod
size:7 mode:4 command:0x0,0x20 params:0,0,0,32, csum:A3 [OK]
get title of song #50
send header,B,4,0,21,74,69,74,6C,65,35,30,0,49,


7153 dock->ipod
size:7 mode:4 command:0x0,0x22 params:0,0,0,32, csum:A1 [OK]
get artist of song #50
send header,F,4,0,23,54,45,53,54,2E,61,72,74,69,73,74,0,C5,


7171 dock->ipod
size:7 mode:4 command:0x0,0x24 params:0,0,0,32, csum:9F [OK]
get album of song #50
send header,E,4,0,25,54,45,53,54,2E,61,6C,62,75,6D,0,4A,


7186 dock->ipod
size:3 mode:0 command:0x1,0x4 params: csum:F8 [OK]
switch to mode 4

send header,4,0,2,0,5,F5,

7443 dock->ipod
size:2 mode:0 command:0x5,0x0 params: csum:F9 [OK]
switch to mode 4

send header,4,0,2,0,5,F5,

7700 dock->ipod
size:3 mode:4 command:0x0,0x12 params: csum:E7 [OK]
get ipod size
send header,5,4,0,13,1,D,D6,


7710 dock->ipod
size:3 mode:4 command:0x0,0x2C params: csum:CD [OK]
get shuffle mode
send header,4,4,0,2D,0,CB,


7719 dock->ipod
size:3 mode:4 command:0x0,0x33 params: csum:C6 [OK]
get pic size?
send header,5,4,0,34,1,36,8C,


7729 dock->ipod
size:3 mode:4 command:0x0,0x16 params: csum:E3 [OK]
switch to main library
send header,6,4,0,1,0,0,16,DF,


7740 dock->ipod
size:4 mode:4 command:0x0,0x18 params:5, csum:DB [OK]
get count of songs
send header,7,4,0,19,0,0,0,5,D7,


7751 dock->ipod
size:4 mode:4 command:0x0,0x18 params:1, csum:DF [OK]
get count of playlists
send header,7,4,0,19,0,0,0,5,D7,


7764 dock->ipod
size:8 mode:4 command:0x0,0x17 params:1,0,0,0,0, csum:DC [OK]
switch to playlist #0
send header,6,4,0,1,0,0,17,DE,


7775 dock->ipod
size:4 mode:4 command:0x0,0x18 params:5, csum:DB [OK]
get count of songs
send header,7,4,0,19,0,0,0,5,D7,


7789 dock->ipod
size:8 mode:4 command:0x0,0x17 params:1,0,0,0,1, csum:DB [OK]
switch to playlist #1
send header,6,4,0,1,0,0,17,DE,


7799 dock->ipod
size:4 mode:4 command:0x0,0x18 params:5, csum:DB [OK]
get count of songs
send header,7,4,0,19,0,0,0,5,D7,


7813 dock->ipod
size:8 mode:4 command:0x0,0x17 params:1,0,0,0,2, csum:DA [OK]
switch to playlist #2
send header,6,4,0,1,0,0,17,DE,


7824 dock->ipod
size:4 mode:4 command:0x0,0x18 params:5, csum:DB [OK]
get count of songs
send header,7,4,0,19,0,0,0,5,D7,


7837 dock->ipod
size:8 mode:4 command:0x0,0x17 params:1,0,0,0,3, csum:D9 [OK]
switch to playlist #3
send header,6,4,0,1,0,0,17,DE,


7848 dock->ipod
size:4 mode:4 command:0x0,0x18 params:5, csum:DB [OK]
get count of songs
send header,7,4,0,19,0,0,0,5,D7,


7862 dock->ipod
size:8 mode:4 command:0x0,0x17 params:1,0,0,0,4, csum:D8 [OK]
switch to playlist #4
send header,6,4,0,1,0,0,17,DE,


7872 dock->ipod
size:4 mode:4 command:0x0,0x18 params:5, csum:DB [OK]
get count of songs
send header,7,4,0,19,0,0,0,5,D7,


7883 dock->ipod
size:4 mode:4 command:0x0,0x26 params:1, csum:D1 [OK]
polling start/stop
send header,6,4,0,1,0,0,26,CF,



send header,8,4,0,27,4,0,0,1E,CC,DF,
7895 dock->ipod
size:4 mode:4 command:0x0,0x31 params:2, csum:C5 [OK]
set repeat mode
send header,6,4,0,1,0,0,31,C4,


7906 dock->ipod
size:4 mode:4 command:0x0,0x26 params:1, csum:D1 [OK]
polling start/stop
send header,6,4,0,1,0,0,26,CF,


7916 dock->ipod
size:3 mode:4 command:0x0,0x16 params: csum:E3 [OK]
switch to main library
send header,6,4,0,1,0,0,16,DF,


7927 dock->ipod
size:3 mode:4 command:0x0,0x1C params: csum:DD [OK]
get time/status
send header,C,4,0,1D,0,5,B7,C6,0,0,1E,F7,1,3B,


7941 dock->ipod
size:3 mode:4 command:0x0,0x1E params: csum:DB [OK]
get plist pos
send header,7,4,0,1F,0,0,0,32,A4,


7955 dock->ipod
size:7 mode:4 command:0x0,0x20 params:0,0,0,32, csum:A3 [OK]
get title of song #50
send header,B,4,0,21,74,69,74,6C,65,35,30,0,49,


7971 dock->ipod
size:7 mode:4 command:0x0,0x22 params:0,0,0,32, csum:A1 [OK]
get artist of song #50
send header,F,4,0,23,54,45,53,54,2E,61,72,74,69,73,74,0,C5,


7989 dock->ipod
size:7 mode:4 command:0x0,0x24 params:0,0,0,32, csum:9F [OK]
get album of song #50
send header,E,4,0,25,54,45,53,54,2E,61,6C,62,75,6D,0,4A,


8004 dock->ipod
size:4 mode:4 command:0x0,0x18 params:5, csum:DB [OK]
get count of songs
send header,7,4,0,19,0,0,0,5,D7,


8015 dock->ipod
size:4 mode:4 command:0x0,0x18 params:2, csum:DE [OK]
get count of artists
send header,7,4,0,19,0,0,0,5,D7,


8027 dock->ipod
size:4 mode:4 command:0x0,0x18 params:3, csum:DD [OK]
get count of albums
send header,7,4,0,19,0,0,0,5,D7,


8038 dock->ipod
size:4 mode:4 command:0x0,0x18 params:4, csum:DC [OK]
get count of genres
send header,7,4,0,19,0,0,0,5,D7,


8056 dock->ipod
size:14 mode:4 command:0x0,0x32 params:0,0,1,0,80,0,37,0,0,0,20, csum:E4 [OK]
picture block
send header,6,4,0,1,0,0,32,C3,


8355 dock->ipod
size:485 mode:4 command:0x0,0x32 params:0,1,0,0,0,0,0,0,0,0,0,0,0,0,0,0,0,0,0,0,0,0,0,0,0,0,0,0,0,0,0,0,0,0,0,0,0,0,0,0,0,0,0,0,0,0,0,0,0,0,0,0,0,0,0,0,0,0,0,0,0,0,0,0,0,0,0,0,0,0,0,0,0,0,0,0,0,3,FF,FF,FF,FF,FF,FF,FF,FF,C0,0,0,0,0,0,0,0,0,0,0,0,0,0,0,0,0,0,0,0,0,F,FF,FF,FF,FF,FF,FF,FF,FF,FF,FF,FF,FF,F0,0,0,0,0,0,0,0,0,0,0,0,0,0,0,0,0,3,FF,FF,FF,FF,0,0,0,0,0,FF,C0,0,FF,FF,FF,FF,0,0,0,0,0,0,0,0,0,0,0,0,0,0,3,FF,FF,FF,0,0,0,0,0,0,3,FF,0,0,0,3,FF,FF,FF,F0,0,0,0,0,0,0,0,0,0,0,0,F,FF,FF,FC,0,0,0,0,0,0,0,F,FC,0,0,0,0,0,3F,FF,FF,F0,0,0,0,0,0,0,0,0,0,3F,FF,FF,FC,0,0,0,0,0,0,0,0,3F,F0,0,0,0,0,0,0,3F,FF,FF,F0,0,0,0,0,0,0,0,3,FF,FF,FC,0,0,0,0,0,0,0,0,0,FF,F0,0,0,0,0,0,0,0,FF,FF,FF,C0,0,0,0,0,0,0,3F,FF,FF,0,0,0,0,0,0,0,0,0,0,FF,C0,0,0,0,0,0,0,0,3,FF,FF,FF,0,0,0,0,0,F,FF,FF,F0,0,0,0,0,0,0,0,0,0,3,FF,0,0,0,0,0,0,0,0,0,3F,FF,FF,F0,0,0,0,0,3F,FF,FC,0,0,0,0,0,0,0,0,0,0,F,FC,0,0,0,0,0,0,0,0,0,0,FF,FF,FF,0,0,0,3,FF,FF,C0,0,0,0,0,0,0,0,0,0,0,3F,F0,0,0,0,0,0,0,0,0,0,0,3,FF,FF,C0,0,0,3F,FF,FF,0,0,0,0,0,0,0,0,0,0,0,FF,C0,0,0,0,0,0,0,0,0,0,0,0,3F,FF,FC,0,0,FF,FF,F0,0,F,FF,C0,3F,FC,3,FF,CF,FC,0,FF,CF,FF,FF,FF,F,FF,FF,FF,3,FF,FF,FF,F,FF,FF,0, csum:11 [OK]
picture block
send header,6,4,0,1,0,0,32,C3,



send header,8,4,0,27,4,0,0,20,C1,E8,
8658 dock->ipod
size:485 mode:4 command:0x0,0x32 params:0,2,3,FF,FF,0,0,3F,FF,C0,F,FC,3F,FF,F,FF,3,FF,F,FF,FF,FC,3F,FF,FF,FF,F,FF,FF,FF,3,FF,FF,C0,F,FF,FF,0,0,3F,FF,C0,F,FF,3F,FF,3,FF,F,FC,F,FF,FF,FC,FF,FF,FF,FF,3F,FF,FF,FF,0,3F,FF,F0,3F,FF,F0,0,0,FF,FF,C0,3,FF,FF,F0,3,FF,FF,F0,F,FF,FF,FC,FF,FF,FF,FF,3F,FF,FF,FF,0,F,FF,FC,3F,FF,F0,0,0,FF,FF,C0,0,FF,FF,C0,0,3F,FF,C0,F,FF,FF,F0,FF,FF,FF,FC,3F,FF,FF,FC,0,F,FF,FC,FF,FF,C0,0,0,0,0,0,0,0,0,0,0,0,0,0,0,0,0,0,0,0,0,0,0,0,0,0,0,3,FF,FF,FF,FF,C0,0,3,FC,3F,C0,0,3F,FC,0,0,3F,FC,0,F,FF,FF,F0,FF,FF,FF,C0,FF,FF,FF,C0,0,3,FF,FF,FF,FF,0,0,F,FC,3F,C0,0,3F,FC,0,0,3F,FC,0,3F,FF,FF,F0,FF,FF,FF,F0,FF,FF,FF,F0,0,0,FF,FF,FF,FF,0,0,F,F0,3F,C0,0,FF,FC,0,0,FF,FC,0,3F,FF,FF,F0,FF,FF,FF,F0,FF,FF,FF,F0,0,0,FF,FF,FF,FF,0,0,3F,F0,3F,C0,3,FF,FC,0,3,FF,FF,0,3F,FF,FF,C0,FF,FF,FF,F0,FF,FF,FF,F0,0,0,FF,FF,FF,FF,C0,0,3F,FF,FF,C0,3,FF,FF,0,F,FF,FF,0,3F,C0,0,0,0,0,3F,F0,0,0,3F,F0,0,3,FF,FF,FF,FF,C0,0,3F,FF,FF,C0,F,FF,FF,C0,F,FF,FF,0,3F,FF,FF,C3,FF,FF,FF,F3,FF,FF,FF,F0,0,3,FF,FC,3F,FF,F0,0,FF,FF,FF,C0,3F,F3,FF,C0,3F,FC,FF,C0,3F,FF,FF,C3,FF,FF,FF,F3,FF,FF,FF,F0,0,F,FF,FC,3F,FF,FC,0,FF,C0,3F,C0,FF,F0,FF,C0,3F,F0,FF,C0,3F,FF,FF,C3,FF,FF,FF,F3,FF,FF,FF,F0,0,3F,FF,FC,F,FF,FF,3,FF,0,3F,C0,FF,C0,FF,F0,FF,C0,3F,F0,FF,FF,FF,C3,FF,FF,FF,C3,FF,FF,FF,C0,0,FF,FF,F0,3,FF,FF,C3,FC,0,FF,C3,FF,0,3F,F3,FF,0,3F,F0,FF,FF,FF,3,FF,FF,FF,3,FF,FF,FF,0,3,FF,FF,C0, csum:55 [OK]
picture block
send header,6,4,0,1,0,0,32,C3,



send header,8,4,0,27,4,0,0,22,B6,F1,
8960 dock->ipod
size:485 mode:4 command:0x0,0x32 params:0,3,0,FF,FF,F0,0,0,0,F,FC,0,0,0,0,0,0,0,0,0,0,0,0,0,0,0,0,0,0,0,F,FF,FF,0,0,3F,FF,FF,0,0,0,3F,FC,0,0,0,0,0,0,0,0,0,0,0,0,0,0,0,0,0,0,0,FF,FF,FC,0,0,3,FF,FF,F0,0,0,FF,F0,0,0,0,0,0,0,0,0,0,0,0,0,0,0,0,0,0,0,F,FF,FF,C0,0,0,0,3F,FF,FC,0,0,FF,C0,0,0,0,0,0,0,0,0,0,0,0,0,0,0,0,0,0,0,3F,FF,FF,0,0,0,0,F,FF,FF,F0,3,FF,0,0,0,0,0,0,0,0,0,0,0,0,0,0,0,0,0,0,F,FF,FF,C0,0,0,0,0,0,3F,FF,FF,F,FF,0,0,0,0,0,0,0,0,0,0,0,0,0,0,0,0,0,0,FF,FF,FC,0,0,0,0,0,0,3,FF,FF,FF,FC,0,0,0,0,0,0,0,0,0,0,0,0,0,0,0,0,0,3F,FF,FF,C0,0,0,0,0,0,0,0,3,FF,FF,F0,0,0,0,0,0,0,0,0,0,0,0,0,0,0,0,0,3F,FF,FF,F0,0,0,0,0,0,0,0,0,0,3,FF,FF,FF,0,0,0,0,0,0,0,0,0,0,0,0,0,0,3F,FF,FF,C0,0,0,0,0,0,0,0,0,0,0,0,3,FF,FF,FF,C0,0,0,0,0,0,0,0,0,0,0,3,FF,FF,FF,C0,0,0,0,0,0,0,0,0,0,0,0,0,0,0,FF,FF,FF,FF,C0,0,0,0,0,0,0,3,FF,FF,FF,FF,0,0,0,0,0,0,0,0,0,0,0,0,0,0,0,0,0,3,FF,FF,FF,FF,FF,FF,FF,FF,FF,FF,FF,FF,C0,0,0,0,0,0,0,0,0,0,0,0,0,0,0,0,0,0,0,0,0,0,FF,FF,FF,FF,FF,FF,FF,FF,0,0,0,0,0,0,0,0,0,0,0,0,0,0,0,0,0,0,0,0,0,0,0,0,0,0,0,0,0,0,0,0,0,0,0,0,0,0,0,0,0,0,0,0,0,0,0,0,0,0,0,0,0,0,0,0,0,0,0,0,0,0,0,0,0,0,0,0,0,0,0,0,0,0,0,0, csum:77 [OK]
picture block
send header,6,4,0,1,0,0,32,C3,


9169 dock->ipod
size:325 mode:4 command:0x0,0x32 params:0,4,0,0,0,0,0,0,0,0,0,0,0,0,0,0,0,0,0,0,0,0,0,0,0,0,0,0,0,0,0,0,0,0,0,0,0,0,0,0,0,0,0,0,0,0,0,0,0,0,0,0,0,0,0,0,0,0,0,0,0,0,0,0,0,0,0,0,0,0,0,0,0,0,0,0,0,0,0,0,0,0,0,0,0,0,0,0,0,0,0,0,0,0,0,0,0,0,0,C,C,0,0,0,0,0,C,0,0,0,0,C,C,0,0,C,C,0,C0,0,0,F,FC,0,0,0,0,0,0,0,0,F,3C,0,0,0,0,0,C,0,0,0,0,F,3C,0,0,C,C,3,C0,0,0,C,0,0,0,0,0,0,0,0,0,C,CC,3,F0,F,FC,3,CC,3,F0,0,0,C,CC,0,0,C,C,0,C0,0,0,F,F0,0,0,0,0,0,0,0,0,C,CC,0,C,0,30,C,3C,0,C,0,0,C,CC,0,0,C,C,0,C0,0,0,0,C,0,0,0,0,0,0,0,0,C,C,3,FC,0,C0,C,C,3,FC,0,0,C,C,0,0,C,C,0,C0,0,0,0,C,0,0,0,0,0,0,0,0,C,C,C,C,3,0,C,C,C,C,0,0,C,C,0,0,3,30,0,C0,3,C0,C,C,0,0,0,0,0,0,0,0,C,C,3,FC,F,FC,3,FC,3,FC,0,0,C,C,0,0,0,C0,3,F0,3,C0,3,F0,0,0,0,0,0,0,0, csum:99 [OK]
picture block
send header,6,4,0,1,0,0,32,C3,



send header,8,4,0,27,4,0,0,24,AB,FA,

send header,8,4,0,27,4,0,0,26,A0,3,

send header,8,4,0,27,4,0,0,28,95,C,

send header,8,4,0,27,4,0,0,2A,8A,15,

send header,8,4,0,27,4,0,0,2C,7F,1E,

send header,8,4,0,27,4,0,0,2E,74,27,

send header,8,4,0,27,4,0,0,30,69,30,

send header,8,4,0,27,4,0,0,32,5E,39,

send header,8,4,0,27,4,0,0,34,53,42,

send header,8,4,0,27,4,0,0,36,48,4B,

send header,8,4,0,27,4,0,0,38,3D,54,

send header,8,4,0,27,4,0,0,3A,32,5D,

send header,8,4,0,27,4,0,0,3C,27,66,

send header,8,4,0,27,4,0,0,3E,1C,6F,

send header,8,4,0,27,4,0,0,40,11,78,

send header,8,4,0,27,4,0,0,42,6,81,

send header,8,4,0,27,4,0,0,43,FB,8B,

send header,8,4,0,27,4,0,0,45,F0,94,

send header,8,4,0,27,4,0,0,47,E5,9D,

send header,8,4,0,27,4,0,0,49,DA,A6,

send header,8,4,0,27,4,0,0,4B,CF,AF,

send header,8,4,0,27,4,0,0,4D,C4,B8,

send header,8,4,0,27,4,0,0,4F,B9,C1,
20574 dock->ipod
size:4 mode:4 command:0x0,0x29 params:3, csum:CC [OK]
playback control cmd skip++
send header,8,4,0,27,1,0,0,0,33,99,

send header,6,4,0,1,0,0,29,CC,


20594 dock->ipod
size:7 mode:4 command:0x0,0x20 params:0,0,0,33, csum:A2 [OK]
get title of song #51
send header,B,4,0,21,74,69,74,6C,65,35,31,0,48,


20610 dock->ipod
size:7 mode:4 command:0x0,0x22 params:0,0,0,33, csum:A0 [OK]
get artist of song #51
send header,F,4,0,23,54,45,53,54,2E,61,72,74,69,73,74,0,C5,


20628 dock->ipod
size:7 mode:4 command:0x0,0x24 params:0,0,0,33, csum:9E [OK]
get album of song #51
send header,E,4,0,25,54,45,53,54,2E,61,6C,62,75,6D,0,4A,



send header,8,4,0,27,4,0,0,1,50,78,

send header,8,4,0,27,4,0,0,3,45,81,

send header,8,4,0,27,4,0,0,5,3A,8A,

send header,8,4,0,27,4,0,0,7,2F,93,

send header,8,4,0,27,4,0,0,9,24,9C,

send header,8,4,0,27,4,0,0,B,19,A5,

send header,8,4,0,27,4,0,0,D,E,AE,

send header,8,4,0,27,4,0,0,F,3,B7,

send header,8,4,0,27,4,0,0,10,F8,C1,

send header,8,4,0,27,4,0,0,12,ED,CA,

send header,8,4,0,27,4,0,0,14,E2,D3,

send header,8,4,0,27,4,0,0,16,D7,DC,

send header,8,4,0,27,4,0,0,18,CC,E5,

send header,8,4,0,27,4,0,0,1A,C1,EE,

send header,8,4,0,27,4,0,0,1C,B6,F7,

send header,8,4,0,27,4,0,0,1E,AB,0,

send header,8,4,0,27,4,0,0,20,A0,9,

send header,8,4,0,27,4,0,0,22,95,12,

send header,8,4,0,27,4,0,0,24,8A,1B,

send header,8,4,0,27,4,0,0,26,7F,24,

send header,8,4,0,27,4,0,0,28,74,2D,

send header,8,4,0,27,4,0,0,2A,69,36,
31911 dock->ipod
size:3 mode:4 command:0x0,0x1C params: csum:DD [OK]
get time/status
send header,C,4,0,1D,0,5,B7,C6,0,0,2C,49,1,DB,


31925 dock->ipod
size:4 mode:4 command:0x0,0x29 params:1, csum:CE [OK]
playback control cmd play/pause
send header,6,4,0,1,0,0,29,CC,



send header,8,4,0,27,4,0,0,2C,5E,3F,
31936 dock->ipod
size:3 mode:4 command:0x0,0x1C params: csum:DD [OK]
get time/status
send header,C,4,0,1D,0,5,B7,C6,0,0,2C,62,2,C1,



send header,8,4,0,27,4,0,0,2E,53,48,

send header,8,4,0,27,4,0,0,30,48,51,

send header,8,4,0,27,4,0,0,32,3D,5A,

send header,8,4,0,27,4,0,0,34,32,63,

send header,8,4,0,27,4,0,0,36,27,6C,

send header,8,4,0,27,4,0,0,38,1C,75,

send header,8,4,0,27,4,0,0,3A,11,7E,

send header,8,4,0,27,4,0,0,3C,6,87,

send header,8,4,0,27,4,0,0,3D,FB,91,

send header,8,4,0,27,4,0,0,3F,F0,9A,

send header,8,4,0,27,4,0,0,41,E5,A3,

send header,8,4,0,27,4,0,0,43,DA,AC,

send header,8,4,0,27,4,0,0,45,CF,B5,

send header,8,4,0,27,4,0,0,47,C4,BE,

send header,8,4,0,27,4,0,0,49,B9,C7,

send header,8,4,0,27,4,0,0,4B,AE,D0,

send header,8,4,0,27,4,0,0,4D,A3,D9,

send header,8,4,0,27,4,0,0,4F,98,E2,

send header,8,4,0,27,4,0,0,51,8D,EB,
